<?xml version="1.0" encoding="UTF-8"?>
<testsuite xmlns:xsi="http://www.w3.org/2001/XMLSchema-instance" xsi:noNamespaceSchemaLocation="https://maven.apache.org/surefire/maven-surefire-plugin/xsd/surefire-test-report-3.0.xsd" version="3.0" name="TestSuite" time="95.979" tests="4" errors="0" skipped="3" failures="1">
  <properties>
[...]
</properties>
  <testcase name="runScenario[&quot;BStack Sample Test - Add product to cart&quot;, &quot;BrowserStack Demo&quot;](1)" classname="com.browserstack.RunWebDriverCucumberTests" time="0">
    <skipped message="expected [iPhone 12] but found [iPhone 12&#10;$799.00&#10;or 9 x $ 88.78&#10;Add to cart]"/>
    <system-out><![CDATA[
Scenario: BStack Sample Test - Add product to cart          &amp#27;[90m# src/test/resources/features/test/StackDemo.feature:3&amp#27;[0m
  &amp#27;[32mGiven &amp#27;[0m&amp#27;[32mI am on the website '&amp#27;[0m&amp#27;[32m&amp#27;[1mhttps://www.bstackdemo.com&amp#27;[0m&amp#27;[32m'&amp#27;[0m    &amp#27;[90m# com.browserstack.stepdefs.StackDemoSteps.I_am_on_the_website(java.lang.String)&amp#27;[0m
  &amp#27;[32mWhen &amp#27;[0m&amp#27;[32mI select a product and click on 'Add to cart' button&amp#27;[0m &amp#27;[90m# com.browserstack.stepdefs.StackDemoSteps.I_select_a_product_and_add_to_cart()&amp#27;[0m
  &amp#27;[31mThen &amp#27;[0m&amp#27;[31mthe product should be added to cart&amp#27;[0m                  &amp#27;[90m# com.browserstack.stepdefs.StackDemoSteps.product_should_be_added_to_cart()&amp#27;[0m
      &amp#27;[31mjava.lang.AssertionError: expected [iPhone 12] but found [iPhone 12
$799.00
or 9 x $ 88.78
Add to cart]
	at org.testng.Assert.fail(Assert.java:99)
	at org.testng.Assert.failNotEquals(Assert.java:1037)
	at org.testng.Assert.assertEqualsImpl(Assert.java:140)
	at org.testng.Assert.assertEquals(Assert.java:122)
	at org.testng.Assert.assertEquals(Assert.java:629)
	at org.testng.Assert.assertEquals(Assert.java:639)
	at com.browserstack.stepdefs.StackDemoSteps.product_should_be_added_to_cart(StackDemoSteps.java:51)
	at ✽.the product should be added to cart(file:///Users/manoj/Downloads/cucumber-java-browserstack-master/src/test/resources/features/test/StackDemo.feature:6)
&amp#27;[0m
]]></system-out>
    <system-err><![CDATA[Feb 28, 2024 5:12:23 PM org.openqa.selenium.remote.tracing.opentelemetry.OpenTelemetryTracer createTracer
INFO: Using OpenTelemetry for tracing
Feb 28, 2024 5:12:28 PM org.openqa.selenium.remote.ProtocolHandshake createSession
INFO: Detected dialect: W3C
]]></system-err>
  </testcase>
  <testcase name="runScenario[&quot;BStack Sample Test - Add product to cart&quot;, &quot;BrowserStack Demo&quot;](2)" classname="com.browserstack.RunWebDriverCucumberTests" time="0">
    <skipped message="expected [iPhone 12] but found [iPhone 12&#10;$799.00&#10;or 9 x $ 88.78&#10;Add to cart]"/>
    <system-out><![CDATA[
Scenario: BStack Sample Test - Add product to cart          &amp#27;[90m# src/test/resources/features/test/StackDemo.feature:3&amp#27;[0m
  &amp#27;[32mGiven &amp#27;[0m&amp#27;[32mI am on the website '&amp#27;[0m&amp#27;[32m&amp#27;[1mhttps://www.bstackdemo.com&amp#27;[0m&amp#27;[32m'&amp#27;[0m    &amp#27;[90m# com.browserstack.stepdefs.StackDemoSteps.I_am_on_the_website(java.lang.String)&amp#27;[0m
  &amp#27;[32mWhen &amp#27;[0m&amp#27;[32mI select a product and click on 'Add to cart' button&amp#27;[0m &amp#27;[90m# com.browserstack.stepdefs.StackDemoSteps.I_select_a_product_and_add_to_cart()&amp#27;[0m
  &amp#27;[31mThen &amp#27;[0m&amp#27;[31mthe product should be added to cart&amp#27;[0m                  &amp#27;[90m# com.browserstack.stepdefs.StackDemoSteps.product_should_be_added_to_cart()&amp#27;[0m
      &amp#27;[31mjava.lang.AssertionError: expected [iPhone 12] but found [iPhone 12
$799.00
or 9 x $ 88.78
Add to cart]
	at org.testng.Assert.fail(Assert.java:99)
	at org.testng.Assert.failNotEquals(Assert.java:1037)
	at org.testng.Assert.assertEqualsImpl(Assert.java:140)
	at org.testng.Assert.assertEquals(Assert.java:122)
	at org.testng.Assert.assertEquals(Assert.java:629)
	at org.testng.Assert.assertEquals(Assert.java:639)
	at com.browserstack.stepdefs.StackDemoSteps.product_should_be_added_to_cart(StackDemoSteps.java:51)
	at ✽.the product should be added to cart(file:///Users/manoj/Downloads/cucumber-java-browserstack-master/src/test/resources/features/test/StackDemo.feature:6)
&amp#27;[0m
]]></system-out>
    <system-err><![CDATA[Feb 28, 2024 5:12:50 PM org.openqa.selenium.remote.ProtocolHandshake createSession
INFO: Detected dialect: W3C
]]></system-err>
  </testcase>
  <testcase name="runScenario[&quot;BStack Sample Test - Add product to cart&quot;, &quot;BrowserStack Demo&quot;](3)" classname="com.browserstack.RunWebDriverCucumberTests" time="0">
    <skipped message="expected [iPhone 12] but found [iPhone 12&#10;$799.00&#10;or 9 x $ 88.78&#10;Add to cart]"/>
    <system-out><![CDATA[
Scenario: BStack Sample Test - Add product to cart          &amp#27;[90m# src/test/resources/features/test/StackDemo.feature:3&amp#27;[0m
  &amp#27;[32mGiven &amp#27;[0m&amp#27;[32mI am on the website '&amp#27;[0m&amp#27;[32m&amp#27;[1mhttps://www.bstackdemo.com&amp#27;[0m&amp#27;[32m'&amp#27;[0m    &amp#27;[90m# com.browserstack.stepdefs.StackDemoSteps.I_am_on_the_website(java.lang.String)&amp#27;[0m
  &amp#27;[32mWhen &amp#27;[0m&amp#27;[32mI select a product and click on 'Add to cart' button&amp#27;[0m &amp#27;[90m# com.browserstack.stepdefs.StackDemoSteps.I_select_a_product_and_add_to_cart()&amp#27;[0m
  &amp#27;[31mThen &amp#27;[0m&amp#27;[31mthe product should be added to cart&amp#27;[0m                  &amp#27;[90m# com.browserstack.stepdefs.StackDemoSteps.product_should_be_added_to_cart()&amp#27;[0m
      &amp#27;[31mjava.lang.AssertionError: expected [iPhone 12] but found [iPhone 12
$799.00
or 9 x $ 88.78
Add to cart]
	at org.testng.Assert.fail(Assert.java:99)
	at org.testng.Assert.failNotEquals(Assert.java:1037)
	at org.testng.Assert.assertEqualsImpl(Assert.java:140)
	at org.testng.Assert.assertEquals(Assert.java:122)
	at org.testng.Assert.assertEquals(Assert.java:629)
	at org.testng.Assert.assertEquals(Assert.java:639)
	at com.browserstack.stepdefs.StackDemoSteps.product_should_be_added_to_cart(StackDemoSteps.java:51)
	at ✽.the product should be added to cart(file:///Users/manoj/Downloads/cucumber-java-browserstack-master/src/test/resources/features/test/StackDemo.feature:6)
&amp#27;[0m
]]></system-out>
    <system-err><![CDATA[Feb 28, 2024 5:13:14 PM org.openqa.selenium.remote.ProtocolHandshake createSession
INFO: Detected dialect: W3C
]]></system-err>
  </testcase>
  <testcase name="runScenario[&quot;BStack Sample Test - Add product to cart&quot;, &quot;BrowserStack Demo&quot;](4)" classname="com.browserstack.RunWebDriverCucumberTests" time="25.508">
    <failure message="expected [iPhone 12] but found [iPhone 12&#10;$799.00&#10;or 9 x $ 88.78&#10;Add to cart]" type="java.lang.AssertionError"><![CDATA[java.lang.AssertionError: 
expected [iPhone 12] but found [iPhone 12
$799.00
or 9 x $ 88.78
Add to cart]
]]></failure>
    <system-out><![CDATA[
Scenario: BStack Sample Test - Add product to cart          &amp#27;[90m# src/test/resources/features/test/StackDemo.feature:3&amp#27;[0m
  &amp#27;[32mGiven &amp#27;[0m&amp#27;[32mI am on the website '&amp#27;[0m&amp#27;[32m&amp#27;[1mhttps://www.bstackdemo.com&amp#27;[0m&amp#27;[32m'&amp#27;[0m    &amp#27;[90m# com.browserstack.stepdefs.StackDemoSteps.I_am_on_the_website(java.lang.String)&amp#27;[0m
  &amp#27;[32mWhen &amp#27;[0m&amp#27;[32mI select a product and click on 'Add to cart' button&amp#27;[0m &amp#27;[90m# com.browserstack.stepdefs.StackDemoSteps.I_select_a_product_and_add_to_cart()&amp#27;[0m
  &amp#27;[31mThen &amp#27;[0m&amp#27;[31mthe product should be added to cart&amp#27;[0m                  &amp#27;[90m# com.browserstack.stepdefs.StackDemoSteps.product_should_be_added_to_cart()&amp#27;[0m
      &amp#27;[31mjava.lang.AssertionError: expected [iPhone 12] but found [iPhone 12
$799.00
or 9 x $ 88.78
Add to cart]
	at org.testng.Assert.fail(Assert.java:99)
	at org.testng.Assert.failNotEquals(Assert.java:1037)
	at org.testng.Assert.assertEqualsImpl(Assert.java:140)
	at org.testng.Assert.assertEquals(Assert.java:122)
	at org.testng.Assert.assertEquals(Assert.java:629)
	at org.testng.Assert.assertEquals(Assert.java:639)
	at com.browserstack.stepdefs.StackDemoSteps.product_should_be_added_to_cart(StackDemoSteps.java:51)
	at ✽.the product should be added to cart(file:///Users/manoj/Downloads/cucumber-java-browserstack-master/src/test/resources/features/test/StackDemo.feature:6)
&amp#27;[0m
]]></system-out>
    <system-err><![CDATA[Feb 28, 2024 5:13:37 PM org.openqa.selenium.remote.ProtocolHandshake createSession
INFO: Detected dialect: W3C
]]></system-err>
  </testcase>
</testsuite>